Year2/CSCB07/team_0565/p3b/CSCB07CourseProject/app/build/outputs/logs/manifest-merger-debug-report.txt
-- Merging decision tree log ---
manifest
ADDED from src/main/AndroidManifest.xml:3:1-52:12
	package
		ADDED from src/main/AndroidManifest.xml:4:5-41
		INJECTED from src/main/AndroidManifest.xml
		INJECTED from src/main/AndroidManifest.xml
	android:versionName
		INJECTED from src/main/AndroidManifest.xml
		INJECTED from src/main/AndroidManifest.xml
	xmlns:android
		ADDED from src/main/AndroidManifest.xml:3:11-69
	android:versionCode
		INJECTED from src/main/AndroidManifest.xml
		INJECTED from src/main/AndroidManifest.xml
uses-permission#android.permission.WRITE_EXTERNAL_STORAGE
ADDED from src/main/AndroidManifest.xml:5:5-80
	android:name
		ADDED from src/main/AndroidManifest.xml:5:22-78
uses-permission#android.permission.READ_EXTERNAL_STORAGE
ADDED from src/main/AndroidManifest.xml:6:5-80
	android:name
		ADDED from src/main/AndroidManifest.xml:6:22-77
uses-permission#android.permission.
ADDED from src/main/AndroidManifest.xml:7:5-58
	android:name
		ADDED from src/main/AndroidManifest.xml:7:22-56
application
ADDED from src/main/AndroidManifest.xml:8:5-50:19
MERGED from [com.android.support:appcompat-v7:25.0.1] AndroidManifest.xml:25:5-20
MERGED from [com.android.support:support-v4:25.0.1] AndroidManifest.xml:25:5-20
MERGED from [com.android.support:support-compat:25.0.1] AndroidManifest.xml:25:5-20
MERGED from [com.android.support:support-media-compat:25.0.1] AndroidManifest.xml:25:5-20
MERGED from [com.android.support:support-core-utils:25.0.1] AndroidManifest.xml:25:5-20
MERGED from [com.android.support:support-core-ui:25.0.1] AndroidManifest.xml:25:5-20
MERGED from [com.android.support:support-fragment:25.0.1] AndroidManifest.xml:25:5-20
MERGED from [com.android.support:support-vector-drawable:25.0.1] AndroidManifest.xml:23:5-20
MERGED from [com.android.support:animated-vector-drawable:25.0.1] AndroidManifest.xml:22:5-20
	android:label
		ADDED from src/main/AndroidManifest.xml:10:9-41
	android:supportsRtl
		ADDED from src/main/AndroidManifest.xml:11:9-35
	android:allowBackup
		ADDED from src/main/AndroidManifest.xml:8:18-44
	android:icon
		ADDED from src/main/AndroidManifest.xml:9:9-43
	android:theme
		ADDED from src/main/AndroidManifest.xml:12:9-42
activity#cs.b07.cscb07courseproject.Login
ADDED from src/main/AndroidManifest.xml:14:9-20:20
	android:name
		ADDED from src/main/AndroidManifest.xml:14:19-40
intent-filter#android.intent.action.MAIN+android.intent.category.LAUNCHER
ADDED from src/main/AndroidManifest.xml:15:13-19:29
action#android.intent.action.MAIN
ADDED from src/main/AndroidManifest.xml:16:17-69
	android:name
		ADDED from src/main/AndroidManifest.xml:16:25-66
category#android.intent.category.LAUNCHER
ADDED from src/main/AndroidManifest.xml:18:17-77
	android:name
		ADDED from src/main/AndroidManifest.xml:18:27-74
activity#cs.b07.cscb07courseproject.ClientRegistration
ADDED from src/main/AndroidManifest.xml:22:9-66
	android:name
		ADDED from src/main/AndroidManifest.xml:22:19-53
activity#cs.b07.cscb07courseproject.ClientHomepage
ADDED from src/main/AndroidManifest.xml:24:9-62
	android:name
		ADDED from src/main/AndroidManifest.xml:24:19-49
activity#cs.b07.cscb07courseproject.EditProfile
ADDED from src/main/AndroidManifest.xml:26:9-59
	android:name
		ADDED from src/main/AndroidManifest.xml:26:19-46
activity#cs.b07.cscb07courseproject.RegisteredClient
ADDED from src/main/AndroidManifest.xml:28:9-64
	android:name
		ADDED from src/main/AndroidManifest.xml:28:19-51
activity#cs.b07.cscb07courseproject.BookingResult
ADDED from src/main/AndroidManifest.xml:30:9-61
	android:name
		ADDED from src/main/AndroidManifest.xml:30:19-48
activity#cs.b07.cscb07courseproject.SearchFlights
ADDED from src/main/AndroidManifest.xml:32:9-61
	android:name
		ADDED from src/main/AndroidManifest.xml:32:19-48
activity#cs.b07.cscb07courseproject.AdminHomepage
ADDED from src/main/AndroidManifest.xml:34:9-61
	android:name
		ADDED from src/main/AndroidManifest.xml:34:19-48
activity#cs.b07.cscb07courseproject.AdminEditClientInfo
ADDED from src/main/AndroidManifest.xml:36:9-67
	android:name
		ADDED from src/main/AndroidManifest.xml:36:19-54
activity#cs.b07.cscb07courseproject.AdminDisplaySearchedFlights
ADDED from src/main/AndroidManifest.xml:38:9-75
	android:name
		ADDED from src/main/AndroidManifest.xml:38:19-62
activity#cs.b07.cscb07courseproject.AdminSearchFlights
ADDED from src/main/AndroidManifest.xml:40:9-66
	android:name
		ADDED from src/main/AndroidManifest.xml:40:19-53
activity#cs.b07.cscb07courseproject.AdminLogout
ADDED from src/main/AndroidManifest.xml:42:9-59
	android:name
		ADDED from src/main/AndroidManifest.xml:42:19-46
activity#cs.b07.cscb07courseproject.AdminEditFlights
ADDED from src/main/AndroidManifest.xml:44:9-64
	android:name
		ADDED from src/main/AndroidManifest.xml:44:19-51
activity#cs.b07.cscb07courseproject.AdminDisplayFlightDB
ADDED from src/main/AndroidManifest.xml:46:9-68
	android:name
		ADDED from src/main/AndroidManifest.xml:46:19-55
activity#cs.b07.cscb07courseproject.AdminDisplayClientDB
ADDED from src/main/AndroidManifest.xml:48:9-68
	android:name
		ADDED from src/main/AndroidManifest.xml:48:19-55
uses-sdk
INJECTED from src/main/AndroidManifest.xml reason: use-sdk injection requested
MERGED from [com.android.support:appcompat-v7:25.0.1] AndroidManifest.xml:21:5-23:78
MERGED from [com.android.support:support-v4:25.0.1] AndroidManifest.xml:21:5-23:54
MERGED from [com.android.support:support-compat:25.0.1] AndroidManifest.xml:21:5-23:58
MERGED from [com.android.support:support-media-compat:25.0.1] AndroidManifest.xml:21:5-23:63
MERGED from [com.android.support:support-core-utils:25.0.1] AndroidManifest.xml:21:5-23:61
MERGED from [com.android.support:support-core-ui:25.0.1] AndroidManifest.xml:21:5-23:58
MERGED from [com.android.support:support-fragment:25.0.1] AndroidManifest.xml:21:5-23:60
MERGED from [com.android.support:support-vector-drawable:25.0.1] AndroidManifest.xml:21:5-43
MERGED from [com.android.support:animated-vector-drawable:25.0.1] AndroidManifest.xml:20:5-44
	tools:overrideLibrary
		ADDED from [com.android.support:appcompat-v7:25.0.1] AndroidManifest.xml:23:9-75
	android:targetSdkVersion
		INJECTED from src/main/AndroidManifest.xml
		INJECTED from src/main/AndroidManifest.xml
	android:minSdkVersion
		INJECTED from src/main/AndroidManifest.xml
		INJECTED from src/main/AndroidManifest.xml